<?xml version="1.0" encoding="UTF-8"?>
<!-- Generated by org.testng.reporters.JUnitReportReporter -->
<testsuite hostname="LAPTOP-OJC7C9R5" failures="0" tests="1" name="tests.ZRPLRegistrationForm" time="4.446" errors="0" timestamp="2025-02-15T21:29:48 IST" skipped="0">
  <testcase classname="tests.ZRPLRegistrationForm" name="ValidInputsInRegistartionForm" time="4.446"/>
  <system-out/>
</testsuite> <!-- tests.ZRPLRegistrationForm -->
