<?xml version="1.0" encoding="UTF-8"?>
<!-- Generated by org.testng.reporters.JUnitReportReporter -->
<testsuite hostname="LAPTOP-OJC7C9R5" failures="0" tests="1" name="tests.LoginTest" time="6.944" errors="0" timestamp="2025-02-15T18:07:41 IST" skipped="0">
  <testcase classname="tests.LoginTest" name="verifyLoginWithInvalidEmail" time="6.944"/>
  <system-out/>
</testsuite> <!-- tests.LoginTest -->
