<?xml version="1.0" encoding="UTF-8"?>
<!-- Generated by org.testng.reporters.JUnitReportReporter -->
<testsuite hostname="LAPTOP-OJC7C9R5" failures="0" tests="2" name="tests.PersonalEmailIdTest" time="17.990" errors="0" timestamp="2025-02-16T16:06:20 IST" skipped="0">
  <testcase classname="tests.PersonalEmailIdTest" name="verifyLoginWithValidPersonalEmail" time="12.458"/>
  <system-out/>
  <testcase classname="tests.PersonalEmailIdTest" name="verifyLoginWithInvalidEmail" time="5.532"/>
  <system-out/>
</testsuite> <!-- tests.PersonalEmailIdTest -->
