<?xml version="1.0" encoding="UTF-8"?>
<!-- Generated by org.testng.reporters.JUnitReportReporter -->
<testsuite hostname="LAPTOP-OJC7C9R5" failures="0" tests="2" name="tests.InstituteEmailIdTest" time="12.811" errors="0" timestamp="2025-02-16T16:06:20 IST" skipped="0">
  <testcase classname="tests.InstituteEmailIdTest" name="verifyLoginWithInvalidEmail" time="7.217"/>
  <system-out/>
  <testcase classname="tests.InstituteEmailIdTest" name="verifyLoginWithValidInstituteEmail" time="5.594"/>
  <system-out/>
</testsuite> <!-- tests.InstituteEmailIdTest -->
