<?xml version="1.0" encoding="UTF-8"?>
<!-- Generated by org.testng.reporters.JUnitReportReporter -->
<testsuite hostname="LAPTOP-OJC7C9R5" failures="0" tests="1" name="tests.LoginWithGmail" time="8.207" errors="0" timestamp="2025-02-16T16:06:20 IST" skipped="0">
  <testcase classname="tests.LoginWithGmail" name="verifyGoogleLoginButton" time="8.207"/>
  <system-out/>
</testsuite> <!-- tests.LoginWithGmail -->
